<?xml version="1.0" encoding="UTF-8"?>
<testsuite name="com.brcthn.battleship.BattleshipApplicationTests" tests="1" skipped="0" failures="0" errors="0" timestamp="2019-10-20T20:00:50" hostname="Burcus-Air" time="0.18">
  <properties/>
  <testcase name="contextLoads" classname="com.brcthn.battleship.BattleshipApplicationTests" time="0.18"/>
  <system-out><![CDATA[22:00:39.765 [Test worker] DEBUG org.springframework.test.context.junit4.SpringJUnit4ClassRunner - SpringJUnit4ClassRunner constructor called with [class com.brcthn.battleship.BattleshipApplicationTests]
22:00:39.777 [Test worker] DEBUG org.springframework.test.context.BootstrapUtils - Instantiating CacheAwareContextLoaderDelegate from class [org.springframework.test.context.cache.DefaultCacheAwareContextLoaderDelegate]
22:00:39.788 [Test worker] DEBUG org.springframework.test.context.BootstrapUtils - Instantiating BootstrapContext using constructor [public org.springframework.test.context.support.DefaultBootstrapContext(java.lang.Class,org.springframework.test.context.CacheAwareContextLoaderDelegate)]
22:00:39.813 [Test worker] DEBUG org.springframework.test.context.BootstrapUtils - Instantiating TestContextBootstrapper for test class [com.brcthn.battleship.BattleshipApplicationTests] from class [org.springframework.boot.test.context.SpringBootTestContextBootstrapper]
22:00:39.835 [Test worker] INFO org.springframework.boot.test.context.SpringBootTestContextBootstrapper - Neither @ContextConfiguration nor @ContextHierarchy found for test class [com.brcthn.battleship.BattleshipApplicationTests], using SpringBootContextLoader
22:00:39.840 [Test worker] DEBUG org.springframework.test.context.support.AbstractContextLoader - Did not detect default resource location for test class [com.brcthn.battleship.BattleshipApplicationTests]: class path resource [com/brcthn/battleship/BattleshipApplicationTests-context.xml] does not exist
22:00:39.840 [Test worker] DEBUG org.springframework.test.context.support.AbstractContextLoader - Did not detect default resource location for test class [com.brcthn.battleship.BattleshipApplicationTests]: class path resource [com/brcthn/battleship/BattleshipApplicationTestsContext.groovy] does not exist
22:00:39.841 [Test worker] INFO org.springframework.test.context.support.AbstractContextLoader - Could not detect default resource locations for test class [com.brcthn.battleship.BattleshipApplicationTests]: no resource found for suffixes {-context.xml, Context.groovy}.
22:00:39.842 [Test worker] INFO org.springframework.test.context.support.AnnotationConfigContextLoaderUtils - Could not detect default configuration classes for test class [com.brcthn.battleship.BattleshipApplicationTests]: BattleshipApplicationTests does not declare any static, non-private, non-final, nested classes annotated with @Configuration.
22:00:39.902 [Test worker] DEBUG org.springframework.test.context.support.ActiveProfilesUtils - Could not find an 'annotation declaring class' for annotation type [org.springframework.test.context.ActiveProfiles] and class [com.brcthn.battleship.BattleshipApplicationTests]
22:00:40.016 [Test worker] DEBUG org.springframework.context.annotation.ClassPathScanningCandidateComponentProvider - Identified candidate component class: file [/Users/brcthn/code/battleship/build/classes/java/main/com/brcthn/battleship/BattleshipApplication.class]
22:00:40.018 [Test worker] INFO org.springframework.boot.test.context.SpringBootTestContextBootstrapper - Found @SpringBootConfiguration com.brcthn.battleship.BattleshipApplication for test class com.brcthn.battleship.BattleshipApplicationTests
22:00:40.162 [Test worker] DEBUG org.springframework.boot.test.context.SpringBootTestContextBootstrapper - @TestExecutionListeners is not present for class [com.brcthn.battleship.BattleshipApplicationTests]: using defaults.
22:00:40.164 [Test worker] INFO org.springframework.boot.test.context.SpringBootTestContextBootstrapper - Loaded default TestExecutionListener class names from location [META-INF/spring.factories]: [org.springframework.boot.test.autoconfigure.restdocs.RestDocsTestExecutionListener, org.springframework.boot.test.autoconfigure.web.client.MockRestServiceServerResetTestExecutionListener, org.springframework.boot.test.autoconfigure.web.servlet.MockMvcPrintOnlyOnFailureTestExecutionListener, org.springframework.boot.test.autoconfigure.web.servlet.WebDriverTestExecutionListener, org.springframework.boot.test.mock.mockito.MockitoTestExecutionListener, org.springframework.boot.test.mock.mockito.ResetMocksTestExecutionListener, org.springframework.test.context.web.ServletTestExecutionListener, org.springframework.test.context.support.DirtiesContextBeforeModesTestExecutionListener, org.springframework.test.context.support.DependencyInjectionTestExecutionListener, org.springframework.test.context.support.DirtiesContextTestExecutionListener, org.springframework.test.context.transaction.TransactionalTestExecutionListener, org.springframework.test.context.jdbc.SqlScriptsTestExecutionListener]
22:00:40.194 [Test worker] INFO org.springframework.boot.test.context.SpringBootTestContextBootstrapper - Using TestExecutionListeners: [org.springframework.test.context.web.ServletTestExecutionListener@26ddcb87, org.springframework.test.context.support.DirtiesContextBeforeModesTestExecutionListener@765f244e, org.springframework.boot.test.mock.mockito.MockitoTestExecutionListener@3ba2f77b, org.springframework.boot.test.autoconfigure.SpringBootDependencyInjectionTestExecutionListener@79ebd922, org.springframework.test.context.support.DirtiesContextTestExecutionListener@31a2b46b, org.springframework.test.context.transaction.TransactionalTestExecutionListener@3e509b45, org.springframework.test.context.jdbc.SqlScriptsTestExecutionListener@1265badb, org.springframework.boot.test.autoconfigure.restdocs.RestDocsTestExecutionListener@35e0437c, org.springframework.boot.test.autoconfigure.web.client.MockRestServiceServerResetTestExecutionListener@11c5a847, org.springframework.boot.test.autoconfigure.web.servlet.MockMvcPrintOnlyOnFailureTestExecutionListener@2b759389, org.springframework.boot.test.autoconfigure.web.servlet.WebDriverTestExecutionListener@1479475e, org.springframework.boot.test.mock.mockito.ResetMocksTestExecutionListener@23b50d0e]
22:00:40.198 [Test worker] DEBUG org.springframework.test.annotation.ProfileValueUtils - Retrieved @ProfileValueSourceConfiguration [null] for test class [com.brcthn.battleship.BattleshipApplicationTests]
22:00:40.199 [Test worker] DEBUG org.springframework.test.annotation.ProfileValueUtils - Retrieved ProfileValueSource type [class org.springframework.test.annotation.SystemProfileValueSource] for class [com.brcthn.battleship.BattleshipApplicationTests]
22:00:40.201 [Test worker] DEBUG org.springframework.test.annotation.ProfileValueUtils - Retrieved @ProfileValueSourceConfiguration [null] for test class [com.brcthn.battleship.BattleshipApplicationTests]
22:00:40.201 [Test worker] DEBUG org.springframework.test.annotation.ProfileValueUtils - Retrieved ProfileValueSource type [class org.springframework.test.annotation.SystemProfileValueSource] for class [com.brcthn.battleship.BattleshipApplicationTests]
22:00:40.207 [Test worker] DEBUG org.springframework.test.context.support.AbstractDirtiesContextTestExecutionListener - Before test class: context [DefaultTestContext@3ab9f0d0 testClass = BattleshipApplicationTests, testInstance = [null], testMethod = [null], testException = [null], mergedContextConfiguration = [WebMergedContextConfiguration@454adf40 testClass = BattleshipApplicationTests, locations = '{}', classes = '{class com.brcthn.battleship.BattleshipApplication}', contextInitializerClasses = '[]', activeProfiles = '{}', propertySourceLocations = '{}', propertySourceProperties = '{org.springframework.boot.test.context.SpringBootTestContextBootstrapper=true}', contextCustomizers = set[org.springframework.boot.test.autoconfigure.properties.PropertyMappingContextCustomizer@0, org.springframework.boot.test.autoconfigure.web.servlet.WebDriverContextCustomizerFactory$Customizer@422ae10d, org.springframework.boot.test.context.filter.ExcludeFilterContextCustomizer@4f9dc4c5, org.springframework.boot.test.json.DuplicateJsonObjectContextCustomizerFactory$DuplicateJsonObjectContextCustomizer@77387167, org.springframework.boot.test.mock.mockito.MockitoContextCustomizer@0, org.springframework.boot.test.web.client.TestRestTemplateContextCustomizer@684d6883], resourceBasePath = 'src/main/webapp', contextLoader = 'org.springframework.boot.test.context.SpringBootContextLoader', parent = [null]], attributes = map['org.springframework.test.context.web.ServletTestExecutionListener.activateListener' -> true]], class annotated with @DirtiesContext [false] with mode [null].
22:00:40.209 [Test worker] DEBUG org.springframework.test.annotation.ProfileValueUtils - Retrieved @ProfileValueSourceConfiguration [null] for test class [com.brcthn.battleship.BattleshipApplicationTests]
22:00:40.209 [Test worker] DEBUG org.springframework.test.annotation.ProfileValueUtils - Retrieved ProfileValueSource type [class org.springframework.test.annotation.SystemProfileValueSource] for class [com.brcthn.battleship.BattleshipApplicationTests]
22:00:40.252 [Test worker] DEBUG org.springframework.test.context.support.TestPropertySourceUtils - Adding inlined properties to environment: {spring.jmx.enabled=false, org.springframework.boot.test.context.SpringBootTestContextBootstrapper=true, server.port=-1}

  .   ____          _            __ _ _
 /\\ / ___'_ __ _ _(_)_ __  __ _ \ \ \ \
( ( )\___ | '_ | '_| | '_ \/ _` | \ \ \ \
 \\/  ___)| |_)| | | | | || (_| |  ) ) ) )
  '  |____| .__|_| |_|_| |_\__, | / / / /
 =========|_|==============|___/=/_/_/_/
 :: Spring Boot ::        (v2.1.9.RELEASE)

2019-10-20 22:00:40.874  INFO 24921 --- [    Test worker] c.b.b.BattleshipApplicationTests         : Starting BattleshipApplicationTests on Burcus-Air with PID 24921 (started by brcthn in /Users/brcthn/code/battleship)
2019-10-20 22:00:40.895  INFO 24921 --- [    Test worker] c.b.b.BattleshipApplicationTests         : No active profile set, falling back to default profiles: default
2019-10-20 22:00:42.457  INFO 24921 --- [    Test worker] .s.d.r.c.RepositoryConfigurationDelegate : Bootstrapping Spring Data repositories in DEFAULT mode.
2019-10-20 22:00:42.616  INFO 24921 --- [    Test worker] .s.d.r.c.RepositoryConfigurationDelegate : Finished Spring Data repository scanning in 143ms. Found 1 repository interfaces.
2019-10-20 22:00:43.605  INFO 24921 --- [    Test worker] trationDelegate$BeanPostProcessorChecker : Bean 'org.springframework.transaction.annotation.ProxyTransactionManagementConfiguration' of type [org.springframework.transaction.annotation.ProxyTransactionManagementConfiguration$$EnhancerBySpringCGLIB$$38594a24] is not eligible for getting processed by all BeanPostProcessors (for example: not eligible for auto-proxying)
2019-10-20 22:00:43.689  INFO 24921 --- [    Test worker] trationDelegate$BeanPostProcessorChecker : Bean 'org.springframework.hateoas.config.HateoasConfiguration' of type [org.springframework.hateoas.config.HateoasConfiguration$$EnhancerBySpringCGLIB$$b7d99756] is not eligible for getting processed by all BeanPostProcessors (for example: not eligible for auto-proxying)
2019-10-20 22:00:44.043  INFO 24921 --- [    Test worker] com.zaxxer.hikari.HikariDataSource       : HikariPool-1 - Starting...
2019-10-20 22:00:44.450  INFO 24921 --- [    Test worker] com.zaxxer.hikari.HikariDataSource       : HikariPool-1 - Start completed.
2019-10-20 22:00:44.611  INFO 24921 --- [    Test worker] o.hibernate.jpa.internal.util.LogHelper  : HHH000204: Processing PersistenceUnitInfo [
	name: default
	...]
2019-10-20 22:00:44.724  INFO 24921 --- [    Test worker] org.hibernate.Version                    : HHH000412: Hibernate Core {5.3.12.Final}
2019-10-20 22:00:44.733  INFO 24921 --- [    Test worker] org.hibernate.cfg.Environment            : HHH000206: hibernate.properties not found
2019-10-20 22:00:44.938  INFO 24921 --- [    Test worker] o.hibernate.annotations.common.Version   : HCANN000001: Hibernate Commons Annotations {5.0.4.Final}
2019-10-20 22:00:45.188  INFO 24921 --- [    Test worker] org.hibernate.dialect.Dialect            : HHH000400: Using dialect: org.hibernate.dialect.H2Dialect
2019-10-20 22:00:46.164  INFO 24921 --- [    Test worker] o.h.t.schema.internal.SchemaCreatorImpl  : HHH000476: Executing import script 'org.hibernate.tool.schema.internal.exec.ScriptSourceInputNonExistentImpl@3eeae2cc'
2019-10-20 22:00:46.172  INFO 24921 --- [    Test worker] j.LocalContainerEntityManagerFactoryBean : Initialized JPA EntityManagerFactory for persistence unit 'default'
2019-10-20 22:00:48.933  INFO 24921 --- [    Test worker] o.s.s.concurrent.ThreadPoolTaskExecutor  : Initializing ExecutorService 'applicationTaskExecutor'
2019-10-20 22:00:49.067  WARN 24921 --- [    Test worker] aWebConfiguration$JpaWebMvcConfiguration : spring.jpa.open-in-view is enabled by default. Therefore, database queries may be performed during view rendering. Explicitly configure spring.jpa.open-in-view to disable this warning
2019-10-20 22:00:50.561  INFO 24921 --- [    Test worker] c.b.b.BattleshipApplicationTests         : Started BattleshipApplicationTests in 10.285 seconds (JVM running for 11.663)
]]></system-out>
  <system-err><![CDATA[]]></system-err>
</testsuite>
