<?xml version="1.0" encoding="UTF-8"?>
<testsuite name="com.brcthn.battleship.BattleshipApplicationTests" tests="1" skipped="0" failures="0" errors="0" timestamp="2019-10-15T22:05:52" hostname="Burcus-MacBook-Air.local" time="0.048">
  <properties/>
  <testcase name="contextLoads" classname="com.brcthn.battleship.BattleshipApplicationTests" time="0.048"/>
  <system-out><![CDATA[00:05:46.788 [Test worker] DEBUG org.springframework.test.context.junit4.SpringJUnit4ClassRunner - SpringJUnit4ClassRunner constructor called with [class com.brcthn.battleship.BattleshipApplicationTests]
00:05:46.797 [Test worker] DEBUG org.springframework.test.context.BootstrapUtils - Instantiating CacheAwareContextLoaderDelegate from class [org.springframework.test.context.cache.DefaultCacheAwareContextLoaderDelegate]
00:05:46.805 [Test worker] DEBUG org.springframework.test.context.BootstrapUtils - Instantiating BootstrapContext using constructor [public org.springframework.test.context.support.DefaultBootstrapContext(java.lang.Class,org.springframework.test.context.CacheAwareContextLoaderDelegate)]
00:05:46.825 [Test worker] DEBUG org.springframework.test.context.BootstrapUtils - Instantiating TestContextBootstrapper for test class [com.brcthn.battleship.BattleshipApplicationTests] from class [org.springframework.boot.test.context.SpringBootTestContextBootstrapper]
00:05:46.838 [Test worker] INFO org.springframework.boot.test.context.SpringBootTestContextBootstrapper - Neither @ContextConfiguration nor @ContextHierarchy found for test class [com.brcthn.battleship.BattleshipApplicationTests], using SpringBootContextLoader
00:05:46.841 [Test worker] DEBUG org.springframework.test.context.support.AbstractContextLoader - Did not detect default resource location for test class [com.brcthn.battleship.BattleshipApplicationTests]: class path resource [com/brcthn/battleship/BattleshipApplicationTests-context.xml] does not exist
00:05:46.842 [Test worker] DEBUG org.springframework.test.context.support.AbstractContextLoader - Did not detect default resource location for test class [com.brcthn.battleship.BattleshipApplicationTests]: class path resource [com/brcthn/battleship/BattleshipApplicationTestsContext.groovy] does not exist
00:05:46.842 [Test worker] INFO org.springframework.test.context.support.AbstractContextLoader - Could not detect default resource locations for test class [com.brcthn.battleship.BattleshipApplicationTests]: no resource found for suffixes {-context.xml, Context.groovy}.
00:05:46.843 [Test worker] INFO org.springframework.test.context.support.AnnotationConfigContextLoaderUtils - Could not detect default configuration classes for test class [com.brcthn.battleship.BattleshipApplicationTests]: BattleshipApplicationTests does not declare any static, non-private, non-final, nested classes annotated with @Configuration.
00:05:46.882 [Test worker] DEBUG org.springframework.test.context.support.ActiveProfilesUtils - Could not find an 'annotation declaring class' for annotation type [org.springframework.test.context.ActiveProfiles] and class [com.brcthn.battleship.BattleshipApplicationTests]
00:05:46.954 [Test worker] DEBUG org.springframework.context.annotation.ClassPathScanningCandidateComponentProvider - Identified candidate component class: file [/Users/brcthn/code/battleship/build/classes/java/main/com/brcthn/battleship/BattleshipApplication.class]
00:05:46.956 [Test worker] INFO org.springframework.boot.test.context.SpringBootTestContextBootstrapper - Found @SpringBootConfiguration com.brcthn.battleship.BattleshipApplication for test class com.brcthn.battleship.BattleshipApplicationTests
00:05:47.048 [Test worker] DEBUG org.springframework.boot.test.context.SpringBootTestContextBootstrapper - @TestExecutionListeners is not present for class [com.brcthn.battleship.BattleshipApplicationTests]: using defaults.
00:05:47.049 [Test worker] INFO org.springframework.boot.test.context.SpringBootTestContextBootstrapper - Loaded default TestExecutionListener class names from location [META-INF/spring.factories]: [org.springframework.boot.test.autoconfigure.restdocs.RestDocsTestExecutionListener, org.springframework.boot.test.autoconfigure.web.client.MockRestServiceServerResetTestExecutionListener, org.springframework.boot.test.autoconfigure.web.servlet.MockMvcPrintOnlyOnFailureTestExecutionListener, org.springframework.boot.test.autoconfigure.web.servlet.WebDriverTestExecutionListener, org.springframework.boot.test.mock.mockito.MockitoTestExecutionListener, org.springframework.boot.test.mock.mockito.ResetMocksTestExecutionListener, org.springframework.test.context.web.ServletTestExecutionListener, org.springframework.test.context.support.DirtiesContextBeforeModesTestExecutionListener, org.springframework.test.context.support.DependencyInjectionTestExecutionListener, org.springframework.test.context.support.DirtiesContextTestExecutionListener, org.springframework.test.context.transaction.TransactionalTestExecutionListener, org.springframework.test.context.jdbc.SqlScriptsTestExecutionListener]
00:05:47.066 [Test worker] INFO org.springframework.boot.test.context.SpringBootTestContextBootstrapper - Using TestExecutionListeners: [org.springframework.test.context.web.ServletTestExecutionListener@5780456b, org.springframework.test.context.support.DirtiesContextBeforeModesTestExecutionListener@65daeb4f, org.springframework.boot.test.mock.mockito.MockitoTestExecutionListener@4b5f1b6b, org.springframework.boot.test.autoconfigure.SpringBootDependencyInjectionTestExecutionListener@507707a9, org.springframework.test.context.support.DirtiesContextTestExecutionListener@509bbd1, org.springframework.test.context.transaction.TransactionalTestExecutionListener@37bbb8ac, org.springframework.test.context.jdbc.SqlScriptsTestExecutionListener@48c6973, org.springframework.boot.test.autoconfigure.restdocs.RestDocsTestExecutionListener@6c2e6c04, org.springframework.boot.test.autoconfigure.web.client.MockRestServiceServerResetTestExecutionListener@24319563, org.springframework.boot.test.autoconfigure.web.servlet.MockMvcPrintOnlyOnFailureTestExecutionListener@4e253791, org.springframework.boot.test.autoconfigure.web.servlet.WebDriverTestExecutionListener@298508d7, org.springframework.boot.test.mock.mockito.ResetMocksTestExecutionListener@36540faf]
00:05:47.070 [Test worker] DEBUG org.springframework.test.annotation.ProfileValueUtils - Retrieved @ProfileValueSourceConfiguration [null] for test class [com.brcthn.battleship.BattleshipApplicationTests]
00:05:47.070 [Test worker] DEBUG org.springframework.test.annotation.ProfileValueUtils - Retrieved ProfileValueSource type [class org.springframework.test.annotation.SystemProfileValueSource] for class [com.brcthn.battleship.BattleshipApplicationTests]
00:05:47.071 [Test worker] DEBUG org.springframework.test.annotation.ProfileValueUtils - Retrieved @ProfileValueSourceConfiguration [null] for test class [com.brcthn.battleship.BattleshipApplicationTests]
00:05:47.071 [Test worker] DEBUG org.springframework.test.annotation.ProfileValueUtils - Retrieved ProfileValueSource type [class org.springframework.test.annotation.SystemProfileValueSource] for class [com.brcthn.battleship.BattleshipApplicationTests]
00:05:47.076 [Test worker] DEBUG org.springframework.test.context.support.AbstractDirtiesContextTestExecutionListener - Before test class: context [DefaultTestContext@46104082 testClass = BattleshipApplicationTests, testInstance = [null], testMethod = [null], testException = [null], mergedContextConfiguration = [WebMergedContextConfiguration@3a7bf3f7 testClass = BattleshipApplicationTests, locations = '{}', classes = '{class com.brcthn.battleship.BattleshipApplication}', contextInitializerClasses = '[]', activeProfiles = '{}', propertySourceLocations = '{}', propertySourceProperties = '{org.springframework.boot.test.context.SpringBootTestContextBootstrapper=true}', contextCustomizers = set[org.springframework.boot.test.autoconfigure.properties.PropertyMappingContextCustomizer@0, org.springframework.boot.test.autoconfigure.web.servlet.WebDriverContextCustomizerFactory$Customizer@2ee79a38, org.springframework.boot.test.context.filter.ExcludeFilterContextCustomizer@5c766b8d, org.springframework.boot.test.json.DuplicateJsonObjectContextCustomizerFactory$DuplicateJsonObjectContextCustomizer@7b9a549f, org.springframework.boot.test.mock.mockito.MockitoContextCustomizer@0, org.springframework.boot.test.web.client.TestRestTemplateContextCustomizer@5c064c5c], resourceBasePath = 'src/main/webapp', contextLoader = 'org.springframework.boot.test.context.SpringBootContextLoader', parent = [null]], attributes = map['org.springframework.test.context.web.ServletTestExecutionListener.activateListener' -> true]], class annotated with @DirtiesContext [false] with mode [null].
00:05:47.077 [Test worker] DEBUG org.springframework.test.annotation.ProfileValueUtils - Retrieved @ProfileValueSourceConfiguration [null] for test class [com.brcthn.battleship.BattleshipApplicationTests]
00:05:47.077 [Test worker] DEBUG org.springframework.test.annotation.ProfileValueUtils - Retrieved ProfileValueSource type [class org.springframework.test.annotation.SystemProfileValueSource] for class [com.brcthn.battleship.BattleshipApplicationTests]
00:05:47.108 [Test worker] DEBUG org.springframework.test.context.support.TestPropertySourceUtils - Adding inlined properties to environment: {spring.jmx.enabled=false, org.springframework.boot.test.context.SpringBootTestContextBootstrapper=true, server.port=-1}

  .   ____          _            __ _ _
 /\\ / ___'_ __ _ _(_)_ __  __ _ \ \ \ \
( ( )\___ | '_ | '_| | '_ \/ _` | \ \ \ \
 \\/  ___)| |_)| | | | | || (_| |  ) ) ) )
  '  |____| .__|_| |_|_| |_\__, | / / / /
 =========|_|==============|___/=/_/_/_/
 :: Spring Boot ::        (v2.1.9.RELEASE)

2019-10-16 00:05:47.539  INFO 16726 --- [    Test worker] c.b.b.BattleshipApplicationTests         : Starting BattleshipApplicationTests on Burcus-MacBook-Air.local with PID 16726 (started by brcthn in /Users/brcthn/code/battleship)
2019-10-16 00:05:47.541  INFO 16726 --- [    Test worker] c.b.b.BattleshipApplicationTests         : No active profile set, falling back to default profiles: default
2019-10-16 00:05:48.526  INFO 16726 --- [    Test worker] .s.d.r.c.RepositoryConfigurationDelegate : Bootstrapping Spring Data repositories in DEFAULT mode.
2019-10-16 00:05:48.554  INFO 16726 --- [    Test worker] .s.d.r.c.RepositoryConfigurationDelegate : Finished Spring Data repository scanning in 17ms. Found 0 repository interfaces.
2019-10-16 00:05:49.165  INFO 16726 --- [    Test worker] trationDelegate$BeanPostProcessorChecker : Bean 'org.springframework.transaction.annotation.ProxyTransactionManagementConfiguration' of type [org.springframework.transaction.annotation.ProxyTransactionManagementConfiguration$$EnhancerBySpringCGLIB$$46292419] is not eligible for getting processed by all BeanPostProcessors (for example: not eligible for auto-proxying)
2019-10-16 00:05:49.207  INFO 16726 --- [    Test worker] trationDelegate$BeanPostProcessorChecker : Bean 'org.springframework.hateoas.config.HateoasConfiguration' of type [org.springframework.hateoas.config.HateoasConfiguration$$EnhancerBySpringCGLIB$$c5a9714b] is not eligible for getting processed by all BeanPostProcessors (for example: not eligible for auto-proxying)
2019-10-16 00:05:49.431  INFO 16726 --- [    Test worker] com.zaxxer.hikari.HikariDataSource       : HikariPool-1 - Starting...
2019-10-16 00:05:49.729  INFO 16726 --- [    Test worker] com.zaxxer.hikari.HikariDataSource       : HikariPool-1 - Start completed.
2019-10-16 00:05:49.838  INFO 16726 --- [    Test worker] o.hibernate.jpa.internal.util.LogHelper  : HHH000204: Processing PersistenceUnitInfo [
	name: default
	...]
2019-10-16 00:05:49.903  INFO 16726 --- [    Test worker] org.hibernate.Version                    : HHH000412: Hibernate Core {5.3.12.Final}
2019-10-16 00:05:49.906  INFO 16726 --- [    Test worker] org.hibernate.cfg.Environment            : HHH000206: hibernate.properties not found
2019-10-16 00:05:50.071  INFO 16726 --- [    Test worker] o.hibernate.annotations.common.Version   : HCANN000001: Hibernate Commons Annotations {5.0.4.Final}
2019-10-16 00:05:50.222  INFO 16726 --- [    Test worker] org.hibernate.dialect.Dialect            : HHH000400: Using dialect: org.hibernate.dialect.H2Dialect
2019-10-16 00:05:50.467  INFO 16726 --- [    Test worker] o.h.t.schema.internal.SchemaCreatorImpl  : HHH000476: Executing import script 'org.hibernate.tool.schema.internal.exec.ScriptSourceInputNonExistentImpl@5860ea66'
2019-10-16 00:05:50.470  INFO 16726 --- [    Test worker] j.LocalContainerEntityManagerFactoryBean : Initialized JPA EntityManagerFactory for persistence unit 'default'
2019-10-16 00:05:51.647  INFO 16726 --- [    Test worker] o.s.s.concurrent.ThreadPoolTaskExecutor  : Initializing ExecutorService 'applicationTaskExecutor'
2019-10-16 00:05:51.728  WARN 16726 --- [    Test worker] aWebConfiguration$JpaWebMvcConfiguration : spring.jpa.open-in-view is enabled by default. Therefore, database queries may be performed during view rendering. Explicitly configure spring.jpa.open-in-view to disable this warning
2019-10-16 00:05:52.267  INFO 16726 --- [    Test worker] c.b.b.BattleshipApplicationTests         : Started BattleshipApplicationTests in 5.146 seconds (JVM running for 6.108)
]]></system-out>
  <system-err><![CDATA[]]></system-err>
</testsuite>
