<?xml version="1.0" encoding="UTF-8"?>
<testsuite name="com.brcthn.battleship.BattleshipApplicationTests" tests="1" skipped="0" failures="0" errors="0" timestamp="2019-11-01T12:33:14" hostname="burcus-air.intern" time="0.07">
  <properties/>
  <testcase name="contextLoads" classname="com.brcthn.battleship.BattleshipApplicationTests" time="0.07"/>
  <system-out><![CDATA[13:33:07.977 [Test worker] DEBUG org.springframework.test.context.junit4.SpringJUnit4ClassRunner - SpringJUnit4ClassRunner constructor called with [class com.brcthn.battleship.BattleshipApplicationTests]
13:33:07.987 [Test worker] DEBUG org.springframework.test.context.BootstrapUtils - Instantiating CacheAwareContextLoaderDelegate from class [org.springframework.test.context.cache.DefaultCacheAwareContextLoaderDelegate]
13:33:07.997 [Test worker] DEBUG org.springframework.test.context.BootstrapUtils - Instantiating BootstrapContext using constructor [public org.springframework.test.context.support.DefaultBootstrapContext(java.lang.Class,org.springframework.test.context.CacheAwareContextLoaderDelegate)]
13:33:08.017 [Test worker] DEBUG org.springframework.test.context.BootstrapUtils - Instantiating TestContextBootstrapper for test class [com.brcthn.battleship.BattleshipApplicationTests] from class [org.springframework.boot.test.context.SpringBootTestContextBootstrapper]
13:33:08.033 [Test worker] INFO org.springframework.boot.test.context.SpringBootTestContextBootstrapper - Neither @ContextConfiguration nor @ContextHierarchy found for test class [com.brcthn.battleship.BattleshipApplicationTests], using SpringBootContextLoader
13:33:08.036 [Test worker] DEBUG org.springframework.test.context.support.AbstractContextLoader - Did not detect default resource location for test class [com.brcthn.battleship.BattleshipApplicationTests]: class path resource [com/brcthn/battleship/BattleshipApplicationTests-context.xml] does not exist
13:33:08.037 [Test worker] DEBUG org.springframework.test.context.support.AbstractContextLoader - Did not detect default resource location for test class [com.brcthn.battleship.BattleshipApplicationTests]: class path resource [com/brcthn/battleship/BattleshipApplicationTestsContext.groovy] does not exist
13:33:08.037 [Test worker] INFO org.springframework.test.context.support.AbstractContextLoader - Could not detect default resource locations for test class [com.brcthn.battleship.BattleshipApplicationTests]: no resource found for suffixes {-context.xml, Context.groovy}.
13:33:08.038 [Test worker] INFO org.springframework.test.context.support.AnnotationConfigContextLoaderUtils - Could not detect default configuration classes for test class [com.brcthn.battleship.BattleshipApplicationTests]: BattleshipApplicationTests does not declare any static, non-private, non-final, nested classes annotated with @Configuration.
13:33:08.087 [Test worker] DEBUG org.springframework.test.context.support.ActiveProfilesUtils - Could not find an 'annotation declaring class' for annotation type [org.springframework.test.context.ActiveProfiles] and class [com.brcthn.battleship.BattleshipApplicationTests]
13:33:08.168 [Test worker] DEBUG org.springframework.context.annotation.ClassPathScanningCandidateComponentProvider - Identified candidate component class: file [/Users/brcthn/code/battleship/build/classes/java/main/com/brcthn/battleship/BattleshipApplication.class]
13:33:08.170 [Test worker] INFO org.springframework.boot.test.context.SpringBootTestContextBootstrapper - Found @SpringBootConfiguration com.brcthn.battleship.BattleshipApplication for test class com.brcthn.battleship.BattleshipApplicationTests
13:33:08.269 [Test worker] DEBUG org.springframework.boot.test.context.SpringBootTestContextBootstrapper - @TestExecutionListeners is not present for class [com.brcthn.battleship.BattleshipApplicationTests]: using defaults.
13:33:08.271 [Test worker] INFO org.springframework.boot.test.context.SpringBootTestContextBootstrapper - Loaded default TestExecutionListener class names from location [META-INF/spring.factories]: [org.springframework.boot.test.autoconfigure.restdocs.RestDocsTestExecutionListener, org.springframework.boot.test.autoconfigure.web.client.MockRestServiceServerResetTestExecutionListener, org.springframework.boot.test.autoconfigure.web.servlet.MockMvcPrintOnlyOnFailureTestExecutionListener, org.springframework.boot.test.autoconfigure.web.servlet.WebDriverTestExecutionListener, org.springframework.boot.test.mock.mockito.MockitoTestExecutionListener, org.springframework.boot.test.mock.mockito.ResetMocksTestExecutionListener, org.springframework.test.context.web.ServletTestExecutionListener, org.springframework.test.context.support.DirtiesContextBeforeModesTestExecutionListener, org.springframework.test.context.support.DependencyInjectionTestExecutionListener, org.springframework.test.context.support.DirtiesContextTestExecutionListener, org.springframework.test.context.transaction.TransactionalTestExecutionListener, org.springframework.test.context.jdbc.SqlScriptsTestExecutionListener]
13:33:08.292 [Test worker] INFO org.springframework.boot.test.context.SpringBootTestContextBootstrapper - Using TestExecutionListeners: [org.springframework.test.context.web.ServletTestExecutionListener@297efbff, org.springframework.test.context.support.DirtiesContextBeforeModesTestExecutionListener@5e297f2b, org.springframework.boot.test.mock.mockito.MockitoTestExecutionListener@72c1a54d, org.springframework.boot.test.autoconfigure.SpringBootDependencyInjectionTestExecutionListener@245c8b91, org.springframework.test.context.support.DirtiesContextTestExecutionListener@7aa32de6, org.springframework.test.context.transaction.TransactionalTestExecutionListener@6f66d5be, org.springframework.test.context.jdbc.SqlScriptsTestExecutionListener@10f2fed2, org.springframework.boot.test.autoconfigure.restdocs.RestDocsTestExecutionListener@5032ff5e, org.springframework.boot.test.autoconfigure.web.client.MockRestServiceServerResetTestExecutionListener@339d34a3, org.springframework.boot.test.autoconfigure.web.servlet.MockMvcPrintOnlyOnFailureTestExecutionListener@6a0fcc4b, org.springframework.boot.test.autoconfigure.web.servlet.WebDriverTestExecutionListener@6d8cbbb6, org.springframework.boot.test.mock.mockito.ResetMocksTestExecutionListener@2a037156]
13:33:08.296 [Test worker] DEBUG org.springframework.test.annotation.ProfileValueUtils - Retrieved @ProfileValueSourceConfiguration [null] for test class [com.brcthn.battleship.BattleshipApplicationTests]
13:33:08.297 [Test worker] DEBUG org.springframework.test.annotation.ProfileValueUtils - Retrieved ProfileValueSource type [class org.springframework.test.annotation.SystemProfileValueSource] for class [com.brcthn.battleship.BattleshipApplicationTests]
13:33:08.298 [Test worker] DEBUG org.springframework.test.annotation.ProfileValueUtils - Retrieved @ProfileValueSourceConfiguration [null] for test class [com.brcthn.battleship.BattleshipApplicationTests]
13:33:08.298 [Test worker] DEBUG org.springframework.test.annotation.ProfileValueUtils - Retrieved ProfileValueSource type [class org.springframework.test.annotation.SystemProfileValueSource] for class [com.brcthn.battleship.BattleshipApplicationTests]
13:33:08.304 [Test worker] DEBUG org.springframework.test.context.support.AbstractDirtiesContextTestExecutionListener - Before test class: context [DefaultTestContext@4c7f5362 testClass = BattleshipApplicationTests, testInstance = [null], testMethod = [null], testException = [null], mergedContextConfiguration = [WebMergedContextConfiguration@1fc35109 testClass = BattleshipApplicationTests, locations = '{}', classes = '{class com.brcthn.battleship.BattleshipApplication}', contextInitializerClasses = '[]', activeProfiles = '{}', propertySourceLocations = '{}', propertySourceProperties = '{org.springframework.boot.test.context.SpringBootTestContextBootstrapper=true}', contextCustomizers = set[org.springframework.boot.test.autoconfigure.properties.PropertyMappingContextCustomizer@0, org.springframework.boot.test.autoconfigure.web.servlet.WebDriverContextCustomizerFactory$Customizer@73be3d71, org.springframework.boot.test.context.filter.ExcludeFilterContextCustomizer@161d5590, org.springframework.boot.test.json.DuplicateJsonObjectContextCustomizerFactory$DuplicateJsonObjectContextCustomizer@3bce698d, org.springframework.boot.test.mock.mockito.MockitoContextCustomizer@0, org.springframework.boot.test.web.client.TestRestTemplateContextCustomizer@123b81e9], resourceBasePath = 'src/main/webapp', contextLoader = 'org.springframework.boot.test.context.SpringBootContextLoader', parent = [null]], attributes = map['org.springframework.test.context.web.ServletTestExecutionListener.activateListener' -> true]], class annotated with @DirtiesContext [false] with mode [null].
13:33:08.305 [Test worker] DEBUG org.springframework.test.annotation.ProfileValueUtils - Retrieved @ProfileValueSourceConfiguration [null] for test class [com.brcthn.battleship.BattleshipApplicationTests]
13:33:08.306 [Test worker] DEBUG org.springframework.test.annotation.ProfileValueUtils - Retrieved ProfileValueSource type [class org.springframework.test.annotation.SystemProfileValueSource] for class [com.brcthn.battleship.BattleshipApplicationTests]
13:33:08.338 [Test worker] DEBUG org.springframework.test.context.support.TestPropertySourceUtils - Adding inlined properties to environment: {spring.jmx.enabled=false, org.springframework.boot.test.context.SpringBootTestContextBootstrapper=true, server.port=-1}

  .   ____          _            __ _ _
 /\\ / ___'_ __ _ _(_)_ __  __ _ \ \ \ \
( ( )\___ | '_ | '_| | '_ \/ _` | \ \ \ \
 \\/  ___)| |_)| | | | | || (_| |  ) ) ) )
  '  |____| .__|_| |_|_| |_\__, | / / / /
 =========|_|==============|___/=/_/_/_/
 :: Spring Boot ::        (v2.1.9.RELEASE)

2019-11-01 13:33:08.698  INFO 49839 --- [    Test worker] c.b.b.BattleshipApplicationTests         : Starting BattleshipApplicationTests on burcus-air.intern with PID 49839 (started by brcthn in /Users/brcthn/code/battleship)
2019-11-01 13:33:08.700  INFO 49839 --- [    Test worker] c.b.b.BattleshipApplicationTests         : No active profile set, falling back to default profiles: default
2019-11-01 13:33:09.775  INFO 49839 --- [    Test worker] .s.d.r.c.RepositoryConfigurationDelegate : Bootstrapping Spring Data repositories in DEFAULT mode.
2019-11-01 13:33:09.882  INFO 49839 --- [    Test worker] .s.d.r.c.RepositoryConfigurationDelegate : Finished Spring Data repository scanning in 94ms. Found 3 repository interfaces.
2019-11-01 13:33:10.512  INFO 49839 --- [    Test worker] trationDelegate$BeanPostProcessorChecker : Bean 'org.springframework.transaction.annotation.ProxyTransactionManagementConfiguration' of type [org.springframework.transaction.annotation.ProxyTransactionManagementConfiguration$$EnhancerBySpringCGLIB$$d5338204] is not eligible for getting processed by all BeanPostProcessors (for example: not eligible for auto-proxying)
2019-11-01 13:33:10.552  INFO 49839 --- [    Test worker] trationDelegate$BeanPostProcessorChecker : Bean 'org.springframework.hateoas.config.HateoasConfiguration' of type [org.springframework.hateoas.config.HateoasConfiguration$$EnhancerBySpringCGLIB$$54b3cf36] is not eligible for getting processed by all BeanPostProcessors (for example: not eligible for auto-proxying)
2019-11-01 13:33:10.799  INFO 49839 --- [    Test worker] com.zaxxer.hikari.HikariDataSource       : HikariPool-1 - Starting...
2019-11-01 13:33:11.117  INFO 49839 --- [    Test worker] com.zaxxer.hikari.HikariDataSource       : HikariPool-1 - Start completed.
2019-11-01 13:33:11.221  INFO 49839 --- [    Test worker] o.hibernate.jpa.internal.util.LogHelper  : HHH000204: Processing PersistenceUnitInfo [
	name: default
	...]
2019-11-01 13:33:11.298  INFO 49839 --- [    Test worker] org.hibernate.Version                    : HHH000412: Hibernate Core {5.3.12.Final}
2019-11-01 13:33:11.300  INFO 49839 --- [    Test worker] org.hibernate.cfg.Environment            : HHH000206: hibernate.properties not found
2019-11-01 13:33:11.455  INFO 49839 --- [    Test worker] o.hibernate.annotations.common.Version   : HCANN000001: Hibernate Commons Annotations {5.0.4.Final}
2019-11-01 13:33:11.620  INFO 49839 --- [    Test worker] org.hibernate.dialect.Dialect            : HHH000400: Using dialect: org.hibernate.dialect.H2Dialect
2019-11-01 13:33:12.379  INFO 49839 --- [    Test worker] o.h.t.schema.internal.SchemaCreatorImpl  : HHH000476: Executing import script 'org.hibernate.tool.schema.internal.exec.ScriptSourceInputNonExistentImpl@5b2f6f9'
2019-11-01 13:33:12.382  INFO 49839 --- [    Test worker] j.LocalContainerEntityManagerFactoryBean : Initialized JPA EntityManagerFactory for persistence unit 'default'
2019-11-01 13:33:13.998  INFO 49839 --- [    Test worker] o.s.s.concurrent.ThreadPoolTaskExecutor  : Initializing ExecutorService 'applicationTaskExecutor'
2019-11-01 13:33:14.232  WARN 49839 --- [    Test worker] aWebConfiguration$JpaWebMvcConfiguration : spring.jpa.open-in-view is enabled by default. Therefore, database queries may be performed during view rendering. Explicitly configure spring.jpa.open-in-view to disable this warning
2019-11-01 13:33:14.798  INFO 49839 --- [    Test worker] c.b.b.BattleshipApplicationTests         : Started BattleshipApplicationTests in 6.446 seconds (JVM running for 7.543)
]]></system-out>
  <system-err><![CDATA[]]></system-err>
</testsuite>
